<?xml version="1.0" encoding="UTF-8"?>
<testsuite name="Login" tests="1" skipped="0" failures="0" errors="0" timestamp="2025-02-08T03:38:45" hostname="TAY" time="8.923">
  <properties/>
  <testcase name="Inicio de sesion." classname="Login" time="8.923"/>
  <system-out><![CDATA[22:38:45.459 [Test worker] DEBUG io.cucumber.core.plugin.SerenityReporter -- Running feature from file:///C:/Automatizacion/Proyectos_screenplay/screenplay_docker/src/test/resources/features/Login.feature
22:38:45.578 [Test worker] INFO  -- 
  _____   ___   ___   _____     ___   _____     _     ___   _____   ___   ___  
 |_   _| | __| / __| |_   _|   / __| |_   _|   /_\   | _ \ |_   _| | __| |   \ 
   | |   | _|  \__ \   | |     \__ \   | |    / _ \  |   /   | |   | _|  | |) |
   |_|   |___| |___/   |_|     |___/   |_|   /_/ \_\ |_|_\   |_|   |___| |___/ 

Inicio de sesion.(login;inicio-de-sesion.)
--------------------------------------------------------------------------------
22:38:46.229 [Test worker] DEBUG net.thucydides.core.steps.StepInterceptor -- STARTING STEP: StepInterceptor.testContext - !#title
22:38:46.242 [Test worker] DEBUG net.thucydides.core.steps.StepInterceptor -- STARTING STEP: StepInterceptor.testContext - {0} opens the browser at #url
22:38:51.494 [Test worker] DEBUG net.serenitybdd.core.photography.Darkroom -- Opening darkroom
22:38:51.500 [Darkroom Processing Line] DEBUG net.serenitybdd.core.photography.DarkroomProcessingLine -- Darkroom processing line starting up
22:38:51.700 [Test worker] DEBUG net.serenitybdd.core.photography.Darkroom -- Send negative for processing for C:\Automatizacion\Proyectos_screenplay\screenplay_docker\target\site\serenity\e0d75b82cf0e07d0bf5bf45367b61234ab1a0dcb5c12e2243ea44caf4d30a450.png
22:38:51.703 [Test worker] DEBUG net.thucydides.core.steps.StepInterceptor -- STEP DONE: {0} opens the browser at #url
22:38:51.721 [Test worker] DEBUG net.thucydides.core.steps.StepInterceptor -- STEP DONE: !#title
user Jsmithpass Demo1234
22:38:51.894 [Test worker] DEBUG net.serenitybdd.core.photography.Darkroom -- Send negative for processing for C:\Automatizacion\Proyectos_screenplay\screenplay_docker\target\site\serenity\e0d75b82cf0e07d0bf5bf45367b61234ab1a0dcb5c12e2243ea44caf4d30a450.png
22:38:51.895 [Test worker] DEBUG net.thucydides.core.steps.StepInterceptor -- STARTING STEP: StepInterceptor.testContext - performAs
22:38:52.052 [Test worker] DEBUG net.serenitybdd.core.photography.Darkroom -- Send negative for processing for C:\Automatizacion\Proyectos_screenplay\screenplay_docker\target\site\serenity\e0d75b82cf0e07d0bf5bf45367b61234ab1a0dcb5c12e2243ea44caf4d30a450.png
22:38:52.053 [Test worker] DEBUG net.thucydides.core.steps.StepInterceptor -- STARTING STEP: StepInterceptor.testContext - {0} clicks on #locators
22:38:52.539 [Test worker] DEBUG net.serenitybdd.core.photography.Darkroom -- Send negative for processing for C:\Automatizacion\Proyectos_screenplay\screenplay_docker\target\site\serenity\a3adc0686cc056ae82b00e9fddfc5a0a7c4cec4709c0bc93c336ca5edd3b3721.png
22:38:52.540 [Test worker] DEBUG net.thucydides.core.steps.StepInterceptor -- STEP DONE: {0} clicks on #locators
22:38:52.576 [Test worker] DEBUG net.thucydides.core.steps.StepInterceptor -- STARTING STEP: StepInterceptor.testContext - {0} enters #theTextAsAString into #locatorNames
22:38:52.750 [Test worker] DEBUG net.serenitybdd.core.photography.Darkroom -- Send negative for processing for C:\Automatizacion\Proyectos_screenplay\screenplay_docker\target\site\serenity\aca249e20460a77df00c9772344040cb00039eac7ff9cefc6816f59b87753485.png
22:38:52.751 [Test worker] DEBUG net.thucydides.core.steps.StepInterceptor -- STEP DONE: {0} enters #theTextAsAString into #locatorNames
22:38:52.765 [Test worker] DEBUG net.thucydides.core.steps.StepInterceptor -- STARTING STEP: StepInterceptor.testContext - {0} enters #theTextAsAString into #locatorNames
22:38:52.926 [Test worker] DEBUG net.serenitybdd.core.photography.Darkroom -- Send negative for processing for C:\Automatizacion\Proyectos_screenplay\screenplay_docker\target\site\serenity\28f778f2f532e154c1fafc92d656dffab5eb6c778c696ce8ae942eb7fc8d9867.png
22:38:52.927 [Test worker] DEBUG net.thucydides.core.steps.StepInterceptor -- STEP DONE: {0} enters #theTextAsAString into #locatorNames
22:38:52.937 [Test worker] DEBUG net.thucydides.core.steps.StepInterceptor -- STARTING STEP: StepInterceptor.testContext - {0} clicks on #locators
22:38:53.390 [Test worker] DEBUG net.serenitybdd.core.photography.Darkroom -- Send negative for processing for C:\Automatizacion\Proyectos_screenplay\screenplay_docker\target\site\serenity\1f46caa6fb1203d105fa36010f4cbacb71cc04c127cc9f2b06cf4d6a0be98608.png
22:38:53.391 [Test worker] DEBUG net.thucydides.core.steps.StepInterceptor -- STEP DONE: {0} clicks on #locators
22:38:53.407 [Test worker] DEBUG net.thucydides.core.steps.StepInterceptor -- STEP DONE: performAs
22:38:53.427 [Test worker] INFO  -- 
  _____   ___   ___   _____     ___     _     ___   ___   ___   ___  
 |_   _| | __| / __| |_   _|   | _ \   /_\   / __| / __| | __| |   \ 
   | |   | _|  \__ \   | |     |  _/  / _ \  \__ \ \__ \ | _|  | |) |
   |_|   |___| |___/   |_|     |_|   /_/ \_\ |___/ |___/ |___| |___/ 

Inicio de sesion.
----------------------------------------------------------------------
]]></system-out>
  <system-err><![CDATA[]]></system-err>
</testsuite>
